  [4;36;1mSQL (0.000287)[0m   [0;1m SELECT name
 FROM sqlite_master
 WHERE type = 'table' AND NOT name = 'sqlite_sequence'
[0m
  [4;35;1mSQL (0.000171)[0m   [0mselect sqlite_version(*)[0m
  [4;36;1mSQL (0.001276)[0m   [0;1mCREATE TABLE "schema_migrations" ("version" varchar(255) NOT NULL) [0m
  [4;35;1mSQL (0.001293)[0m   [0mCREATE UNIQUE INDEX "unique_schema_migrations" ON "schema_migrations" ("version")[0m
  [4;36;1mSQL (0.000286)[0m   [0;1m SELECT name
 FROM sqlite_master
 WHERE type = 'table' AND NOT name = 'sqlite_sequence'
[0m
  [4;35;1mSQL (0.000133)[0m   [0mSELECT version FROM schema_migrations[0m
Migrating to CreatePages (20081120204659)
  [4;36;1mSQL (0.001549)[0m   [0;1mCREATE TABLE "pages" ("id" INTEGER PRIMARY KEY AUTOINCREMENT NOT NULL, "name" varchar(255), "title" varchar(255), "body" text, "created_at" datetime, "updated_at" datetime) [0m
  [4;35;1mSQL (0.001697)[0m   [0mINSERT INTO schema_migrations (version) VALUES ('20081120204659')[0m
  [4;36;1mSQL (0.000301)[0m   [0;1m SELECT name
 FROM sqlite_master
 WHERE type = 'table' AND NOT name = 'sqlite_sequence'
[0m
  [4;35;1mSQL (0.000176)[0m   [0mSELECT version FROM schema_migrations[0m
  [4;36;1mSQL (0.000233)[0m   [0;1m SELECT name
 FROM sqlite_master
 WHERE type = 'table' AND NOT name = 'sqlite_sequence'
[0m
  [4;35;1mSQL (0.000063)[0m   [0mPRAGMA index_list("pages")[0m


Processing ApplicationController#index (for 172.16.1.3 at 2008-11-20 23:47:30) [GET]
  Session ID: d914ae43568defe41b14b8aed1208be1
  Parameters: {}


ActionController::RoutingError (No route matches "/posts" with {:method=>:get}):
    /Library/Ruby/Gems/1.8/gems/actionpack-2.1.2/lib/action_controller/routing/recognition_optimisation.rb:67:in `recognize_path'
    /Library/Ruby/Gems/1.8/gems/actionpack-2.1.2/lib/action_controller/routing/route_set.rb:385:in `recognize'
    /Library/Ruby/Gems/1.8/gems/actionpack-2.1.2/lib/action_controller/dispatcher.rb:148:in `handle_request'
    /Library/Ruby/Gems/1.8/gems/actionpack-2.1.2/lib/action_controller/dispatcher.rb:107:in `dispatch'
    /Library/Ruby/Gems/1.8/gems/actionpack-2.1.2/lib/action_controller/dispatcher.rb:104:in `synchronize'
    /Library/Ruby/Gems/1.8/gems/actionpack-2.1.2/lib/action_controller/dispatcher.rb:104:in `dispatch'
    /Library/Ruby/Gems/1.8/gems/actionpack-2.1.2/lib/action_controller/dispatcher.rb:120:in `dispatch_cgi'
    /Library/Ruby/Gems/1.8/gems/actionpack-2.1.2/lib/action_controller/dispatcher.rb:35:in `dispatch'
    /System/Library/Frameworks/Ruby.framework/Versions/1.8/usr/lib/ruby/gems/1.8/gems/mongrel-1.1.4/bin/../lib/mongrel/rails.rb:76:in `process'
    /System/Library/Frameworks/Ruby.framework/Versions/1.8/usr/lib/ruby/gems/1.8/gems/mongrel-1.1.4/bin/../lib/mongrel/rails.rb:74:in `synchronize'
    /System/Library/Frameworks/Ruby.framework/Versions/1.8/usr/lib/ruby/gems/1.8/gems/mongrel-1.1.4/bin/../lib/mongrel/rails.rb:74:in `process'
    /System/Library/Frameworks/Ruby.framework/Versions/1.8/usr/lib/ruby/gems/1.8/gems/mongrel-1.1.4/lib/mongrel.rb:159:in `process_client'
    /System/Library/Frameworks/Ruby.framework/Versions/1.8/usr/lib/ruby/gems/1.8/gems/mongrel-1.1.4/lib/mongrel.rb:158:in `each'
    /System/Library/Frameworks/Ruby.framework/Versions/1.8/usr/lib/ruby/gems/1.8/gems/mongrel-1.1.4/lib/mongrel.rb:158:in `process_client'
    /System/Library/Frameworks/Ruby.framework/Versions/1.8/usr/lib/ruby/gems/1.8/gems/mongrel-1.1.4/lib/mongrel.rb:285:in `run'
    /System/Library/Frameworks/Ruby.framework/Versions/1.8/usr/lib/ruby/gems/1.8/gems/mongrel-1.1.4/lib/mongrel.rb:285:in `initialize'
    /System/Library/Frameworks/Ruby.framework/Versions/1.8/usr/lib/ruby/gems/1.8/gems/mongrel-1.1.4/lib/mongrel.rb:285:in `new'
    /System/Library/Frameworks/Ruby.framework/Versions/1.8/usr/lib/ruby/gems/1.8/gems/mongrel-1.1.4/lib/mongrel.rb:285:in `run'
    /System/Library/Frameworks/Ruby.framework/Versions/1.8/usr/lib/ruby/gems/1.8/gems/mongrel-1.1.4/lib/mongrel.rb:268:in `initialize'
    /System/Library/Frameworks/Ruby.framework/Versions/1.8/usr/lib/ruby/gems/1.8/gems/mongrel-1.1.4/lib/mongrel.rb:268:in `new'
    /System/Library/Frameworks/Ruby.framework/Versions/1.8/usr/lib/ruby/gems/1.8/gems/mongrel-1.1.4/lib/mongrel.rb:268:in `run'
    /System/Library/Frameworks/Ruby.framework/Versions/1.8/usr/lib/ruby/gems/1.8/gems/mongrel-1.1.4/lib/mongrel/configurator.rb:282:in `run'
    /System/Library/Frameworks/Ruby.framework/Versions/1.8/usr/lib/ruby/gems/1.8/gems/mongrel-1.1.4/lib/mongrel/configurator.rb:281:in `each'
    /System/Library/Frameworks/Ruby.framework/Versions/1.8/usr/lib/ruby/gems/1.8/gems/mongrel-1.1.4/lib/mongrel/configurator.rb:281:in `run'
    /System/Library/Frameworks/Ruby.framework/Versions/1.8/usr/lib/ruby/gems/1.8/gems/mongrel-1.1.4/bin/mongrel_rails:128:in `run'
    /System/Library/Frameworks/Ruby.framework/Versions/1.8/usr/lib/ruby/gems/1.8/gems/mongrel-1.1.4/lib/mongrel/command.rb:212:in `run'
    /System/Library/Frameworks/Ruby.framework/Versions/1.8/usr/lib/ruby/gems/1.8/gems/mongrel-1.1.4/bin/mongrel_rails:281
    /Library/Ruby/Gems/1.8/gems/activesupport-2.1.2/lib/active_support/dependencies.rb:503:in `load'
    /Library/Ruby/Gems/1.8/gems/activesupport-2.1.2/lib/active_support/dependencies.rb:503:in `load'
    /Library/Ruby/Gems/1.8/gems/activesupport-2.1.2/lib/active_support/dependencies.rb:355:in `new_constants_in'
    /Library/Ruby/Gems/1.8/gems/activesupport-2.1.2/lib/active_support/dependencies.rb:503:in `load'
    /Library/Ruby/Gems/1.8/gems/rails-2.1.2/lib/commands/servers/mongrel.rb:64
    /Library/Ruby/Site/1.8/rubygems/custom_require.rb:31:in `gem_original_require'
    /Library/Ruby/Site/1.8/rubygems/custom_require.rb:31:in `require'
    /Library/Ruby/Gems/1.8/gems/activesupport-2.1.2/lib/active_support/dependencies.rb:510:in `require'
    /Library/Ruby/Gems/1.8/gems/activesupport-2.1.2/lib/active_support/dependencies.rb:355:in `new_constants_in'
    /Library/Ruby/Gems/1.8/gems/activesupport-2.1.2/lib/active_support/dependencies.rb:510:in `require'
    /Library/Ruby/Gems/1.8/gems/rails-2.1.2/lib/commands/server.rb:39
    /Library/Ruby/Site/1.8/rubygems/custom_require.rb:31:in `gem_original_require'
    /Library/Ruby/Site/1.8/rubygems/custom_require.rb:31:in `require'
    script/server:3

Rendering /Library/Ruby/Gems/1.8/gems/actionpack-2.1.2/lib/action_controller/templates/rescues/layout.erb (not_found)


Processing ApplicationController#index (for 172.16.1.3 at 2008-11-20 23:47:36) [GET]
  Session ID: BAh7BiIKZmxhc2hJQzonQWN0aW9uQ29udHJvbGxlcjo6Rmxhc2g6OkZsYXNo
SGFzaHsABjoKQHVzZWR7AA==--74063c2ea73316293d3b8a4b6340b540c50c5a17
  Parameters: {}


ActionController::RoutingError (No route matches "/post" with {:method=>:get}):
    /Library/Ruby/Gems/1.8/gems/actionpack-2.1.2/lib/action_controller/routing/recognition_optimisation.rb:67:in `recognize_path'
    /Library/Ruby/Gems/1.8/gems/actionpack-2.1.2/lib/action_controller/routing/route_set.rb:385:in `recognize'
    /Library/Ruby/Gems/1.8/gems/actionpack-2.1.2/lib/action_controller/dispatcher.rb:148:in `handle_request'
    /Library/Ruby/Gems/1.8/gems/actionpack-2.1.2/lib/action_controller/dispatcher.rb:107:in `dispatch'
    /Library/Ruby/Gems/1.8/gems/actionpack-2.1.2/lib/action_controller/dispatcher.rb:104:in `synchronize'
    /Library/Ruby/Gems/1.8/gems/actionpack-2.1.2/lib/action_controller/dispatcher.rb:104:in `dispatch'
    /Library/Ruby/Gems/1.8/gems/actionpack-2.1.2/lib/action_controller/dispatcher.rb:120:in `dispatch_cgi'
    /Library/Ruby/Gems/1.8/gems/actionpack-2.1.2/lib/action_controller/dispatcher.rb:35:in `dispatch'
    /System/Library/Frameworks/Ruby.framework/Versions/1.8/usr/lib/ruby/gems/1.8/gems/mongrel-1.1.4/bin/../lib/mongrel/rails.rb:76:in `process'
    /System/Library/Frameworks/Ruby.framework/Versions/1.8/usr/lib/ruby/gems/1.8/gems/mongrel-1.1.4/bin/../lib/mongrel/rails.rb:74:in `synchronize'
    /System/Library/Frameworks/Ruby.framework/Versions/1.8/usr/lib/ruby/gems/1.8/gems/mongrel-1.1.4/bin/../lib/mongrel/rails.rb:74:in `process'
    /System/Library/Frameworks/Ruby.framework/Versions/1.8/usr/lib/ruby/gems/1.8/gems/mongrel-1.1.4/lib/mongrel.rb:159:in `process_client'
    /System/Library/Frameworks/Ruby.framework/Versions/1.8/usr/lib/ruby/gems/1.8/gems/mongrel-1.1.4/lib/mongrel.rb:158:in `each'
    /System/Library/Frameworks/Ruby.framework/Versions/1.8/usr/lib/ruby/gems/1.8/gems/mongrel-1.1.4/lib/mongrel.rb:158:in `process_client'
    /System/Library/Frameworks/Ruby.framework/Versions/1.8/usr/lib/ruby/gems/1.8/gems/mongrel-1.1.4/lib/mongrel.rb:285:in `run'
    /System/Library/Frameworks/Ruby.framework/Versions/1.8/usr/lib/ruby/gems/1.8/gems/mongrel-1.1.4/lib/mongrel.rb:285:in `initialize'
    /System/Library/Frameworks/Ruby.framework/Versions/1.8/usr/lib/ruby/gems/1.8/gems/mongrel-1.1.4/lib/mongrel.rb:285:in `new'
    /System/Library/Frameworks/Ruby.framework/Versions/1.8/usr/lib/ruby/gems/1.8/gems/mongrel-1.1.4/lib/mongrel.rb:285:in `run'
    /System/Library/Frameworks/Ruby.framework/Versions/1.8/usr/lib/ruby/gems/1.8/gems/mongrel-1.1.4/lib/mongrel.rb:268:in `initialize'
    /System/Library/Frameworks/Ruby.framework/Versions/1.8/usr/lib/ruby/gems/1.8/gems/mongrel-1.1.4/lib/mongrel.rb:268:in `new'
    /System/Library/Frameworks/Ruby.framework/Versions/1.8/usr/lib/ruby/gems/1.8/gems/mongrel-1.1.4/lib/mongrel.rb:268:in `run'
    /System/Library/Frameworks/Ruby.framework/Versions/1.8/usr/lib/ruby/gems/1.8/gems/mongrel-1.1.4/lib/mongrel/configurator.rb:282:in `run'
    /System/Library/Frameworks/Ruby.framework/Versions/1.8/usr/lib/ruby/gems/1.8/gems/mongrel-1.1.4/lib/mongrel/configurator.rb:281:in `each'
    /System/Library/Frameworks/Ruby.framework/Versions/1.8/usr/lib/ruby/gems/1.8/gems/mongrel-1.1.4/lib/mongrel/configurator.rb:281:in `run'
    /System/Library/Frameworks/Ruby.framework/Versions/1.8/usr/lib/ruby/gems/1.8/gems/mongrel-1.1.4/bin/mongrel_rails:128:in `run'
    /System/Library/Frameworks/Ruby.framework/Versions/1.8/usr/lib/ruby/gems/1.8/gems/mongrel-1.1.4/lib/mongrel/command.rb:212:in `run'
    /System/Library/Frameworks/Ruby.framework/Versions/1.8/usr/lib/ruby/gems/1.8/gems/mongrel-1.1.4/bin/mongrel_rails:281
    /Library/Ruby/Gems/1.8/gems/activesupport-2.1.2/lib/active_support/dependencies.rb:503:in `load'
    /Library/Ruby/Gems/1.8/gems/activesupport-2.1.2/lib/active_support/dependencies.rb:503:in `load'
    /Library/Ruby/Gems/1.8/gems/activesupport-2.1.2/lib/active_support/dependencies.rb:355:in `new_constants_in'
    /Library/Ruby/Gems/1.8/gems/activesupport-2.1.2/lib/active_support/dependencies.rb:503:in `load'
    /Library/Ruby/Gems/1.8/gems/rails-2.1.2/lib/commands/servers/mongrel.rb:64
    /Library/Ruby/Site/1.8/rubygems/custom_require.rb:31:in `gem_original_require'
    /Library/Ruby/Site/1.8/rubygems/custom_require.rb:31:in `require'
    /Library/Ruby/Gems/1.8/gems/activesupport-2.1.2/lib/active_support/dependencies.rb:510:in `require'
    /Library/Ruby/Gems/1.8/gems/activesupport-2.1.2/lib/active_support/dependencies.rb:355:in `new_constants_in'
    /Library/Ruby/Gems/1.8/gems/activesupport-2.1.2/lib/active_support/dependencies.rb:510:in `require'
    /Library/Ruby/Gems/1.8/gems/rails-2.1.2/lib/commands/server.rb:39
    /Library/Ruby/Site/1.8/rubygems/custom_require.rb:31:in `gem_original_require'
    /Library/Ruby/Site/1.8/rubygems/custom_require.rb:31:in `require'
    script/server:3

Rendering /Library/Ruby/Gems/1.8/gems/actionpack-2.1.2/lib/action_controller/templates/rescues/layout.erb (not_found)


Processing PagesController#index (for 172.16.1.3 at 2008-11-20 23:47:50) [GET]
  Session ID: BAh7BiIKZmxhc2hJQzonQWN0aW9uQ29udHJvbGxlcjo6Rmxhc2g6OkZsYXNo
SGFzaHsABjoKQHVzZWR7AA==--74063c2ea73316293d3b8a4b6340b540c50c5a17
  Parameters: {"action"=>"index", "controller"=>"pages"}
  [4;36;1mPage Load (0.000516)[0m   [0;1mSELECT * FROM "pages" [0m
Rendering template within layouts/pages
Rendering pages/index
Completed in 0.01027 (97 reqs/sec) | Rendering: 0.00318 (30%) | DB: 0.00052 (5%) | 200 OK [http://172.16.1.3/pages]


Processing PagesController#new (for 172.16.1.3 at 2008-11-20 23:47:52) [GET]
  Session ID: BAh7BiIKZmxhc2hJQzonQWN0aW9uQ29udHJvbGxlcjo6Rmxhc2g6OkZsYXNo
SGFzaHsABjoKQHVzZWR7AA==--74063c2ea73316293d3b8a4b6340b540c50c5a17
  Parameters: {"action"=>"new", "controller"=>"pages"}
Rendering template within layouts/pages
Rendering pages/new
Completed in 0.01171 (85 reqs/sec) | Rendering: 0.00511 (43%) | DB: 0.00000 (0%) | 200 OK [http://172.16.1.3/pages/new]


Processing PagesController#create (for 172.16.1.3 at 2008-11-20 23:48:00) [POST]
  Session ID: BAh7BzoMY3NyZl9pZCIlM2VjNDZjNmFmNGY3ODVkMzIxZmE2NjE0ODZlMGQy
ZjEiCmZsYXNoSUM6J0FjdGlvbkNvbnRyb2xsZXI6OkZsYXNoOjpGbGFzaEhh
c2h7AAY6CkB1c2VkewA=--e6d4682c42c31a05b15fa9b0de4249bd12f87000
  Parameters: {"commit"=>"Create", "authenticity_token"=>"2be28f382f24e924521e78566ccf0f25cc8e5427", "action"=>"create", "controller"=>"pages", "page"=>{"name"=>"df", "title"=>"df", "body"=>"dfd"}}
  [4;35;1mPage Create (0.000485)[0m   [0mINSERT INTO "pages" ("name", "updated_at", "title", "body", "created_at") VALUES('df', '2008-11-20 20:48:00', 'df', 'dfd', '2008-11-20 20:48:00')[0m
Redirected to http://172.16.1.3:3000/pages/1
Completed in 0.01085 (92 reqs/sec) | DB: 0.00049 (4%) | 302 Found [http://172.16.1.3/pages]


Processing PagesController#show (for 172.16.1.3 at 2008-11-20 23:48:00) [GET]
  Session ID: BAh7BzoMY3NyZl9pZCIlM2VjNDZjNmFmNGY3ODVkMzIxZmE2NjE0ODZlMGQy
ZjEiCmZsYXNoSUM6J0FjdGlvbkNvbnRyb2xsZXI6OkZsYXNoOjpGbGFzaEhh
c2h7BjoLbm90aWNlIiNQYWdlIHdhcyBzdWNjZXNzZnVsbHkgY3JlYXRlZC4G
OgpAdXNlZHsGOwdG--057739b6b3376671684dc9ef4b025df912dce794
  Parameters: {"action"=>"show", "id"=>"1", "controller"=>"pages"}
  [4;36;1mPage Load (0.000330)[0m   [0;1mSELECT * FROM "pages" WHERE ("pages"."id" = 1) [0m
Rendering template within layouts/pages
Rendering pages/show
Completed in 0.01103 (90 reqs/sec) | Rendering: 0.00311 (28%) | DB: 0.00033 (2%) | 200 OK [http://172.16.1.3/pages/1]


Processing PagesController#index (for 172.16.1.3 at 2008-11-20 23:48:02) [GET]
  Session ID: BAh7BzoMY3NyZl9pZCIlM2VjNDZjNmFmNGY3ODVkMzIxZmE2NjE0ODZlMGQy
ZjEiCmZsYXNoSUM6J0FjdGlvbkNvbnRyb2xsZXI6OkZsYXNoOjpGbGFzaEhh
c2h7BjoLbm90aWNlIiNQYWdlIHdhcyBzdWNjZXNzZnVsbHkgY3JlYXRlZC4G
OgpAdXNlZHsGOwdU--cf5db262541dd53c31f703cf2991ca9e969dde62
  Parameters: {"action"=>"index", "controller"=>"pages"}
  [4;35;1mPage Load (0.000548)[0m   [0mSELECT * FROM "pages" [0m
Rendering template within layouts/pages
Rendering pages/index
Completed in 0.00971 (102 reqs/sec) | Rendering: 0.00349 (35%) | DB: 0.00055 (5%) | 200 OK [http://172.16.1.3/pages]


Processing PagesController#new (for 172.16.1.3 at 2008-11-20 23:48:03) [GET]
  Session ID: BAh7BzoMY3NyZl9pZCIlM2VjNDZjNmFmNGY3ODVkMzIxZmE2NjE0ODZlMGQy
ZjEiCmZsYXNoSUM6J0FjdGlvbkNvbnRyb2xsZXI6OkZsYXNoOjpGbGFzaEhh
c2h7AAY6CkB1c2VkewA=--e6d4682c42c31a05b15fa9b0de4249bd12f87000
  Parameters: {"action"=>"new", "controller"=>"pages"}
Rendering template within layouts/pages
Rendering pages/new
Completed in 0.01219 (82 reqs/sec) | Rendering: 0.00342 (28%) | DB: 0.00000 (0%) | 200 OK [http://172.16.1.3/pages/new]


Processing PagesController#create (for 172.16.1.3 at 2008-11-20 23:48:16) [POST]
  Session ID: BAh7BzoMY3NyZl9pZCIlM2VjNDZjNmFmNGY3ODVkMzIxZmE2NjE0ODZlMGQy
ZjEiCmZsYXNoSUM6J0FjdGlvbkNvbnRyb2xsZXI6OkZsYXNoOjpGbGFzaEhh
c2h7AAY6CkB1c2VkewA=--e6d4682c42c31a05b15fa9b0de4249bd12f87000
  Parameters: {"commit"=>"Create", "authenticity_token"=>"2be28f382f24e924521e78566ccf0f25cc8e5427", "action"=>"create", "controller"=>"pages", "page"=>{"name"=>"вава ", "title"=>"sds ", "body"=>"dsf ed wer ewrer kl;kef лв  ва d"}}
  [4;36;1mPage Create (0.000408)[0m   [0;1mINSERT INTO "pages" ("name", "updated_at", "title", "body", "created_at") VALUES('вава ', '2008-11-20 20:48:16', 'sds ', 'dsf ed wer ewrer kl;kef лв ва d', '2008-11-20 20:48:16')[0m
Redirected to http://172.16.1.3:3000/pages/2
Completed in 0.01185 (84 reqs/sec) | DB: 0.00041 (3%) | 302 Found [http://172.16.1.3/pages]


Processing PagesController#show (for 172.16.1.3 at 2008-11-20 23:48:16) [GET]
  Session ID: BAh7BzoMY3NyZl9pZCIlM2VjNDZjNmFmNGY3ODVkMzIxZmE2NjE0ODZlMGQy
ZjEiCmZsYXNoSUM6J0FjdGlvbkNvbnRyb2xsZXI6OkZsYXNoOjpGbGFzaEhh
c2h7BjoLbm90aWNlIiNQYWdlIHdhcyBzdWNjZXNzZnVsbHkgY3JlYXRlZC4G
OgpAdXNlZHsGOwdG--057739b6b3376671684dc9ef4b025df912dce794
  Parameters: {"action"=>"show", "id"=>"2", "controller"=>"pages"}
  [4;35;1mPage Load (0.000279)[0m   [0mSELECT * FROM "pages" WHERE ("pages"."id" = 2) [0m
Rendering template within layouts/pages
Rendering pages/show
Completed in 0.00942 (106 reqs/sec) | Rendering: 0.00189 (20%) | DB: 0.00028 (2%) | 200 OK [http://172.16.1.3/pages/2]


Processing PagesController#edit (for 172.16.1.3 at 2008-11-20 23:48:19) [GET]
  Session ID: BAh7BzoMY3NyZl9pZCIlM2VjNDZjNmFmNGY3ODVkMzIxZmE2NjE0ODZlMGQy
ZjEiCmZsYXNoSUM6J0FjdGlvbkNvbnRyb2xsZXI6OkZsYXNoOjpGbGFzaEhh
c2h7BjoLbm90aWNlIiNQYWdlIHdhcyBzdWNjZXNzZnVsbHkgY3JlYXRlZC4G
OgpAdXNlZHsGOwdU--cf5db262541dd53c31f703cf2991ca9e969dde62
  Parameters: {"action"=>"edit", "id"=>"2", "controller"=>"pages"}
  [4;36;1mPage Load (0.000356)[0m   [0;1mSELECT * FROM "pages" WHERE ("pages"."id" = 2) [0m
Rendering template within layouts/pages
Rendering pages/edit
Completed in 0.01262 (79 reqs/sec) | Rendering: 0.00483 (38%) | DB: 0.00036 (2%) | 200 OK [http://172.16.1.3/pages/2/edit]


Processing PagesController#index (for 172.16.1.3 at 2008-11-20 23:48:21) [GET]
  Session ID: BAh7BzoMY3NyZl9pZCIlM2VjNDZjNmFmNGY3ODVkMzIxZmE2NjE0ODZlMGQy
ZjEiCmZsYXNoSUM6J0FjdGlvbkNvbnRyb2xsZXI6OkZsYXNoOjpGbGFzaEhh
c2h7AAY6CkB1c2VkewA=--e6d4682c42c31a05b15fa9b0de4249bd12f87000
  Parameters: {"action"=>"index", "controller"=>"pages"}
  [4;35;1mPage Load (0.000654)[0m   [0mSELECT * FROM "pages" [0m
Rendering template within layouts/pages
Rendering pages/index
Completed in 0.00990 (100 reqs/sec) | Rendering: 0.00338 (34%) | DB: 0.00065 (6%) | 200 OK [http://172.16.1.3/pages]


Processing PagesController#show (for 172.16.1.3 at 2008-11-20 23:51:05) [GET]
  Session ID: BAh7BzoMY3NyZl9pZCIlM2VjNDZjNmFmNGY3ODVkMzIxZmE2NjE0ODZlMGQy
ZjEiCmZsYXNoSUM6J0FjdGlvbkNvbnRyb2xsZXI6OkZsYXNoOjpGbGFzaEhh
c2h7AAY6CkB1c2VkewA=--e6d4682c42c31a05b15fa9b0de4249bd12f87000
  Parameters: {"action"=>"show", "id"=>"2", "controller"=>"pages"}
  [4;36;1mPage Load (0.000273)[0m   [0;1mSELECT * FROM "pages" WHERE ("pages"."id" = 2) [0m
Rendering template within layouts/pages
Rendering pages/show
Completed in 0.00901 (110 reqs/sec) | Rendering: 0.00191 (21%) | DB: 0.00027 (3%) | 200 OK [http://172.16.1.3/pages/2]
